Info: Starting: Create block symbol file (.bsf)
Info: qsys-generate /home/rahul/ELEC50009/lab3/unsaved.qsys --block-symbol-file --output-directory=/home/rahul/ELEC50009/lab3/unsaved --family="MAX 10" --part=10M50DAF484C7G
Progress: Loading lab3/unsaved.qsys
Progress: Reading input file
Progress: Adding accelerometer_spi [altera_up_avalon_accelerometer_spi 18.0]
Progress: Parameterizing module accelerometer_spi
Progress: Adding clk [clock_source 18.1]
Progress: Parameterizing module clk
Progress: Adding cpu [altera_nios2_gen2 18.1]
Progress: Parameterizing module cpu
Progress: Adding jtag_uart [altera_avalon_jtag_uart 18.1]
Progress: Parameterizing module jtag_uart
Progress: Adding led [altera_avalon_pio 18.1]
Progress: Parameterizing module led
Progress: Adding onchip_memory [altera_avalon_onchip_memory2 18.1]
Progress: Parameterizing module onchip_memory
Progress: Adding timer [altera_avalon_timer 18.1]
Progress: Parameterizing module timer
Progress: Building connections
Progress: Parameterizing connections
Progress: Validating
Progress: Done reading input file
Info: unsaved.jtag_uart: JTAG UART IP input clock need to be at least double (2x) the operating frequency of JTAG TCK on board
Info: qsys-generate succeeded.
Info: Finished: Create block symbol file (.bsf)
Info: 
Info: Starting: Create HDL design files for synthesis
Info: qsys-generate /home/rahul/ELEC50009/lab3/unsaved.qsys --synthesis=VERILOG --output-directory=/home/rahul/ELEC50009/lab3/unsaved/synthesis --family="MAX 10" --part=10M50DAF484C7G
Progress: Loading lab3/unsaved.qsys
Progress: Reading input file
Progress: Adding accelerometer_spi [altera_up_avalon_accelerometer_spi 18.0]
Progress: Parameterizing module accelerometer_spi
Progress: Adding clk [clock_source 18.1]
Progress: Parameterizing module clk
Progress: Adding cpu [altera_nios2_gen2 18.1]
Progress: Parameterizing module cpu
Progress: Adding jtag_uart [altera_avalon_jtag_uart 18.1]
Progress: Parameterizing module jtag_uart
Progress: Adding led [altera_avalon_pio 18.1]
Progress: Parameterizing module led
Progress: Adding onchip_memory [altera_avalon_onchip_memory2 18.1]
Progress: Parameterizing module onchip_memory
Progress: Adding timer [altera_avalon_timer 18.1]
Progress: Parameterizing module timer
Progress: Building connections
Progress: Parameterizing connections
Progress: Validating
Progress: Done reading input file
Info: unsaved.jtag_uart: JTAG UART IP input clock need to be at least double (2x) the operating frequency of JTAG TCK on board
Info: unsaved: Generating unsaved "unsaved" for QUARTUS_SYNTH
Info: accelerometer_spi: Starting Generation of the Accelerometer Controller in SPI mode
Info: accelerometer_spi: "unsaved" instantiated altera_up_avalon_accelerometer_spi "accelerometer_spi"
Info: cpu: "unsaved" instantiated altera_nios2_gen2 "cpu"
Info: jtag_uart: Starting RTL generation for module 'unsaved_jtag_uart'
Info: jtag_uart:   Generation command is [exec /home/rahul/intelFPGA_lite/18.1/quartus/linux64/perl/bin/perl -I /home/rahul/intelFPGA_lite/18.1/quartus/linux64/perl/lib -I /home/rahul/intelFPGA_lite/18.1/quartus/sopc_builder/bin/europa -I /home/rahul/intelFPGA_lite/18.1/quartus/sopc_builder/bin/perl_lib -I /home/rahul/intelFPGA_lite/18.1/quartus/sopc_builder/bin -I /home/rahul/intelFPGA_lite/18.1/quartus/../ip/altera/sopc_builder_ip/common -I /home/rahul/intelFPGA_lite/18.1/quartus/../ip/altera/sopc_builder_ip/altera_avalon_jtag_uart -- /home/rahul/intelFPGA_lite/18.1/quartus/../ip/altera/sopc_builder_ip/altera_avalon_jtag_uart/generate_rtl.pl --name=unsaved_jtag_uart --dir=/tmp/alt9759_3736859045226811968.dir/0061_jtag_uart_gen/ --quartus_dir=/home/rahul/intelFPGA_lite/18.1/quartus --verilog --config=/tmp/alt9759_3736859045226811968.dir/0061_jtag_uart_gen//unsaved_jtag_uart_component_configuration.pl  --do_build_sim=0  ]
Info: jtag_uart: Done RTL generation for module 'unsaved_jtag_uart'
Info: jtag_uart: "unsaved" instantiated altera_avalon_jtag_uart "jtag_uart"
Info: led: Starting RTL generation for module 'unsaved_led'
Info: led:   Generation command is [exec /home/rahul/intelFPGA_lite/18.1/quartus/linux64/perl/bin/perl -I /home/rahul/intelFPGA_lite/18.1/quartus/linux64/perl/lib -I /home/rahul/intelFPGA_lite/18.1/quartus/sopc_builder/bin/europa -I /home/rahul/intelFPGA_lite/18.1/quartus/sopc_builder/bin/perl_lib -I /home/rahul/intelFPGA_lite/18.1/quartus/sopc_builder/bin -I /home/rahul/intelFPGA_lite/18.1/quartus/../ip/altera/sopc_builder_ip/common -I /home/rahul/intelFPGA_lite/18.1/quartus/../ip/altera/sopc_builder_ip/altera_avalon_pio -- /home/rahul/intelFPGA_lite/18.1/quartus/../ip/altera/sopc_builder_ip/altera_avalon_pio/generate_rtl.pl --name=unsaved_led --dir=/tmp/alt9759_3736859045226811968.dir/0062_led_gen/ --quartus_dir=/home/rahul/intelFPGA_lite/18.1/quartus --verilog --config=/tmp/alt9759_3736859045226811968.dir/0062_led_gen//unsaved_led_component_configuration.pl  --do_build_sim=0  ]
Info: led: Done RTL generation for module 'unsaved_led'
Info: led: "unsaved" instantiated altera_avalon_pio "led"
Info: onchip_memory: Starting RTL generation for module 'unsaved_onchip_memory'
Info: onchip_memory:   Generation command is [exec /home/rahul/intelFPGA_lite/18.1/quartus/linux64/perl/bin/perl -I /home/rahul/intelFPGA_lite/18.1/quartus/linux64/perl/lib -I /home/rahul/intelFPGA_lite/18.1/quartus/sopc_builder/bin/europa -I /home/rahul/intelFPGA_lite/18.1/quartus/sopc_builder/bin/perl_lib -I /home/rahul/intelFPGA_lite/18.1/quartus/sopc_builder/bin -I /home/rahul/intelFPGA_lite/18.1/quartus/../ip/altera/sopc_builder_ip/common -I /home/rahul/intelFPGA_lite/18.1/quartus/../ip/altera/sopc_builder_ip/altera_avalon_onchip_memory2 -- /home/rahul/intelFPGA_lite/18.1/quartus/../ip/altera/sopc_builder_ip/altera_avalon_onchip_memory2/generate_rtl.pl --name=unsaved_onchip_memory --dir=/tmp/alt9759_3736859045226811968.dir/0063_onchip_memory_gen/ --quartus_dir=/home/rahul/intelFPGA_lite/18.1/quartus --verilog --config=/tmp/alt9759_3736859045226811968.dir/0063_onchip_memory_gen//unsaved_onchip_memory_component_configuration.pl  --do_build_sim=0  ]
Info: onchip_memory: Done RTL generation for module 'unsaved_onchip_memory'
Info: onchip_memory: "unsaved" instantiated altera_avalon_onchip_memory2 "onchip_memory"
Info: timer: Starting RTL generation for module 'unsaved_timer'
Info: timer:   Generation command is [exec /home/rahul/intelFPGA_lite/18.1/quartus/linux64//perl/bin/perl -I /home/rahul/intelFPGA_lite/18.1/quartus/linux64//perl/lib -I /home/rahul/intelFPGA_lite/18.1/quartus/sopc_builder/bin/europa -I /home/rahul/intelFPGA_lite/18.1/quartus/sopc_builder/bin/perl_lib -I /home/rahul/intelFPGA_lite/18.1/quartus/sopc_builder/bin -I /home/rahul/intelFPGA_lite/18.1/quartus/../ip/altera/sopc_builder_ip/common -I /home/rahul/intelFPGA_lite/18.1/quartus/../ip/altera/sopc_builder_ip/altera_avalon_timer -- /home/rahul/intelFPGA_lite/18.1/quartus/../ip/altera/sopc_builder_ip/altera_avalon_timer/generate_rtl.pl --name=unsaved_timer --dir=/tmp/alt9759_3736859045226811968.dir/0064_timer_gen/ --quartus_dir=/home/rahul/intelFPGA_lite/18.1/quartus --verilog --config=/tmp/alt9759_3736859045226811968.dir/0064_timer_gen//unsaved_timer_component_configuration.pl  --do_build_sim=0  ]
Info: timer: Done RTL generation for module 'unsaved_timer'
Info: timer: "unsaved" instantiated altera_avalon_timer "timer"
Info: avalon_st_adapter: Inserting error_adapter: error_adapter_0
Info: avalon_st_adapter_001: Inserting error_adapter: error_adapter_0
Info: avalon_st_adapter_002: Inserting error_adapter: error_adapter_0
Info: avalon_st_adapter_003: Inserting error_adapter: error_adapter_0
Info: avalon_st_adapter_004: Inserting error_adapter: error_adapter_0
Info: avalon_st_adapter_005: Inserting error_adapter: error_adapter_0
Info: mm_interconnect_0: "unsaved" instantiated altera_mm_interconnect "mm_interconnect_0"
Info: irq_mapper: "unsaved" instantiated altera_irq_mapper "irq_mapper"
Info: rst_controller: "unsaved" instantiated altera_reset_controller "rst_controller"
Info: cpu: Starting RTL generation for module 'unsaved_cpu_cpu'
Info: cpu:   Generation command is [exec /home/rahul/intelFPGA_lite/18.1/quartus/linux64//eperlcmd -I /home/rahul/intelFPGA_lite/18.1/quartus/linux64//perl/lib -I /home/rahul/intelFPGA_lite/18.1/quartus/sopc_builder/bin/europa -I /home/rahul/intelFPGA_lite/18.1/quartus/sopc_builder/bin/perl_lib -I /home/rahul/intelFPGA_lite/18.1/quartus/sopc_builder/bin -I /home/rahul/intelFPGA_lite/18.1/quartus/../ip/altera/nios2_ip/altera_nios2_gen2/cpu_lib -I /home/rahul/intelFPGA_lite/18.1/quartus/../ip/altera/nios2_ip/altera_nios2_gen2/nios_lib -I /home/rahul/intelFPGA_lite/18.1/quartus/../ip/altera/nios2_ip/altera_nios2_gen2 -I /home/rahul/intelFPGA_lite/18.1/quartus/../ip/altera/nios2_ip/altera_nios2_gen2 -- /home/rahul/intelFPGA_lite/18.1/quartus/../ip/altera/nios2_ip/altera_nios2_gen2/generate_rtl.epl --name=unsaved_cpu_cpu --dir=/tmp/alt9759_3736859045226811968.dir/0067_cpu_gen/ --quartus_bindir=/home/rahul/intelFPGA_lite/18.1/quartus/linux64/ --verilog --config=/tmp/alt9759_3736859045226811968.dir/0067_cpu_gen//unsaved_cpu_cpu_processor_configuration.pl  --do_build_sim=0  ]
Info: cpu: # 2024.02.06 11:21:15 (*) Starting Nios II generation
Info: cpu: # 2024.02.06 11:21:15 (*)   Checking for plaintext license.
Info: cpu: # 2024.02.06 11:21:15 (*)   Couldn't query license setup in Quartus directory /home/rahul/intelFPGA_lite/18.1/quartus/linux64/
Info: cpu: # 2024.02.06 11:21:15 (*)   Defaulting to contents of LM_LICENSE_FILE environment variable
Info: cpu: # 2024.02.06 11:21:15 (*)   LM_LICENSE_FILE environment variable is empty
Info: cpu: # 2024.02.06 11:21:15 (*)   Plaintext license not found.
Info: cpu: # 2024.02.06 11:21:15 (*)   No license required to generate encrypted Nios II/e.
Info: cpu: # 2024.02.06 11:21:15 (*)   Elaborating CPU configuration settings
Info: cpu: # 2024.02.06 11:21:15 (*)   Creating all objects for CPU
Info: cpu: # 2024.02.06 11:21:16 (*)   Generating RTL from CPU objects
Info: cpu: # 2024.02.06 11:21:16 (*)   Creating plain-text RTL
Info: cpu: # 2024.02.06 11:21:16 (*) Done Nios II generation
Info: cpu: Done RTL generation for module 'unsaved_cpu_cpu'
Info: cpu: "cpu" instantiated altera_nios2_gen2_unit "cpu"
Info: cpu_data_master_translator: "mm_interconnect_0" instantiated altera_merlin_master_translator "cpu_data_master_translator"
Info: accelerometer_spi_avalon_accelerometer_spi_mode_slave_translator: "mm_interconnect_0" instantiated altera_merlin_slave_translator "accelerometer_spi_avalon_accelerometer_spi_mode_slave_translator"
Info: cpu_data_master_agent: "mm_interconnect_0" instantiated altera_merlin_master_agent "cpu_data_master_agent"
Info: accelerometer_spi_avalon_accelerometer_spi_mode_slave_agent: "mm_interconnect_0" instantiated altera_merlin_slave_agent "accelerometer_spi_avalon_accelerometer_spi_mode_slave_agent"
Info: accelerometer_spi_avalon_accelerometer_spi_mode_slave_agent_rsp_fifo: "mm_interconnect_0" instantiated altera_avalon_sc_fifo "accelerometer_spi_avalon_accelerometer_spi_mode_slave_agent_rsp_fifo"
Info: router: "mm_interconnect_0" instantiated altera_merlin_router "router"
Info: router_001: "mm_interconnect_0" instantiated altera_merlin_router "router_001"
Info: router_002: "mm_interconnect_0" instantiated altera_merlin_router "router_002"
Info: router_003: "mm_interconnect_0" instantiated altera_merlin_router "router_003"
Info: router_004: "mm_interconnect_0" instantiated altera_merlin_router "router_004"
Info: accelerometer_spi_avalon_accelerometer_spi_mode_slave_burst_adapter: "mm_interconnect_0" instantiated altera_merlin_burst_adapter "accelerometer_spi_avalon_accelerometer_spi_mode_slave_burst_adapter"
Info: cmd_demux: "mm_interconnect_0" instantiated altera_merlin_demultiplexer "cmd_demux"
Info: cmd_demux_001: "mm_interconnect_0" instantiated altera_merlin_demultiplexer "cmd_demux_001"
Info: cmd_mux: "mm_interconnect_0" instantiated altera_merlin_multiplexer "cmd_mux"
Info: cmd_mux_002: "mm_interconnect_0" instantiated altera_merlin_multiplexer "cmd_mux_002"
Info: Reusing file /home/rahul/ELEC50009/lab3/unsaved/synthesis/submodules/altera_merlin_arbitrator.sv
Info: rsp_demux: "mm_interconnect_0" instantiated altera_merlin_demultiplexer "rsp_demux"
Info: rsp_mux: "mm_interconnect_0" instantiated altera_merlin_multiplexer "rsp_mux"
Info: Reusing file /home/rahul/ELEC50009/lab3/unsaved/synthesis/submodules/altera_merlin_arbitrator.sv
Info: rsp_mux_001: "mm_interconnect_0" instantiated altera_merlin_multiplexer "rsp_mux_001"
Info: Reusing file /home/rahul/ELEC50009/lab3/unsaved/synthesis/submodules/altera_merlin_arbitrator.sv
Info: accelerometer_spi_avalon_accelerometer_spi_mode_slave_rsp_width_adapter: "mm_interconnect_0" instantiated altera_merlin_width_adapter "accelerometer_spi_avalon_accelerometer_spi_mode_slave_rsp_width_adapter"
Info: Reusing file /home/rahul/ELEC50009/lab3/unsaved/synthesis/submodules/altera_merlin_address_alignment.sv
Info: Reusing file /home/rahul/ELEC50009/lab3/unsaved/synthesis/submodules/altera_merlin_burst_uncompressor.sv
Info: avalon_st_adapter: "mm_interconnect_0" instantiated altera_avalon_st_adapter "avalon_st_adapter"
Info: avalon_st_adapter_001: "mm_interconnect_0" instantiated altera_avalon_st_adapter "avalon_st_adapter_001"
Info: error_adapter_0: "avalon_st_adapter" instantiated error_adapter "error_adapter_0"
Info: error_adapter_0: "avalon_st_adapter_001" instantiated error_adapter "error_adapter_0"
Info: unsaved: Done "unsaved" with 34 modules, 59 files
Info: qsys-generate succeeded.
Info: Finished: Create HDL design files for synthesis
